Logfile initialized
[INFO] logfile = /Users/anubavam-imac1/Documents/Titanium_Studio_Workspace/customFont/build.log
[DEBUG] /Users/anubavam-imac1/Library/Application Support/Titanium/mobilesdk/osx/3.0.0.GA/android/builder.py install customFont /Users/anubavam-imac1/AndroidSDK /Users/anubavam-imac1/Documents/Titanium_Studio_Workspace/customFont com.titutorial.customfont 8  
[INFO] Titanium SDK version: 3.0.0 (12/12/12 18:49 a5894b3)
[DEBUG] Waiting for device to be ready ...
[TRACE] adb devices returned 1 devices/emulators
[DEBUG] Device connected... (waited 0 seconds)
[DEBUG] waited 3.240621 seconds on emulator to get ready
[INFO] Waiting for the Android Emulator to become available
[DEBUG] com.titutorial.customfont installed? False
[INFO] Copying CommonJS modules...
[INFO] Copying project resources..
[INFO] Detected change in tiapp.xml, or assets deleted. Forcing full re-build...
[TRACE] COPYING CREATED FILE: /Users/anubavam-imac1/Documents/Titanium_Studio_Workspace/customFont/Resources/android/appicon.png => /Users/anubavam-imac1/Documents/Titanium_Studio_Workspace/customFont/build/android/bin/assets/Resources/appicon.png
[TRACE] COPYING CREATED FILE: /Users/anubavam-imac1/Documents/Titanium_Studio_Workspace/customFont/Resources/android/default.png => /Users/anubavam-imac1/Documents/Titanium_Studio_Workspace/customFont/build/android/bin/assets/Resources/default.png
[TRACE] COPYING CREATED FILE: /Users/anubavam-imac1/Documents/Titanium_Studio_Workspace/customFont/Resources/app.js => /Users/anubavam-imac1/Documents/Titanium_Studio_Workspace/customFont/build/android/bin/assets/Resources/app.js
[TRACE] COPYING CREATED FILE: /Users/anubavam-imac1/Documents/Titanium_Studio_Workspace/customFont/Resources/fonts/FuturaStd-Bold.otf => /Users/anubavam-imac1/Documents/Titanium_Studio_Workspace/customFont/build/android/bin/assets/Resources/fonts/FuturaStd-Bold.otf
[TRACE] COPYING CREATED FILE: /Users/anubavam-imac1/Documents/Titanium_Studio_Workspace/customFont/Resources/fonts/FuturaStd-CondensedLight.otf => /Users/anubavam-imac1/Documents/Titanium_Studio_Workspace/customFont/build/android/bin/assets/Resources/fonts/FuturaStd-CondensedLight.otf
[TRACE] COPYING CREATED FILE: /Users/anubavam-imac1/Documents/Titanium_Studio_Workspace/customFont/Resources/fonts/FuturaStd-CondensedMedium.TTF => /Users/anubavam-imac1/Documents/Titanium_Studio_Workspace/customFont/build/android/bin/assets/Resources/fonts/FuturaStd-CondensedMedium.TTF
[TRACE] COPYING CREATED FILE: /Users/anubavam-imac1/Documents/Titanium_Studio_Workspace/customFont/Resources/fonts/FuturaStd-Medium.otf => /Users/anubavam-imac1/Documents/Titanium_Studio_Workspace/customFont/build/android/bin/assets/Resources/fonts/FuturaStd-Medium.otf
[TRACE] COPYING CREATED FILE: /Users/anubavam-imac1/Documents/Titanium_Studio_Workspace/customFont/Resources/KS_nav_ui.png => /Users/anubavam-imac1/Documents/Titanium_Studio_Workspace/customFont/build/android/bin/assets/Resources/KS_nav_ui.png
[TRACE] COPYING CREATED FILE: /Users/anubavam-imac1/Documents/Titanium_Studio_Workspace/customFont/Resources/KS_nav_views.png => /Users/anubavam-imac1/Documents/Titanium_Studio_Workspace/customFont/build/android/bin/assets/Resources/KS_nav_views.png
[TRACE] Generating Java Classes
[DEBUG] Processing Android resource drawables
[DEBUG] app stylesheet => /Users/anubavam-imac1/Documents/Titanium_Studio_Workspace/customFont/build/android/gen/com/titutorial/customfont/ApplicationStylesheet.java
[DEBUG] copying app icon: /Users/anubavam-imac1/Documents/Titanium_Studio_Workspace/customFont/build/android/bin/assets/Resources/appicon.png
[DEBUG] generating theme.xml
[DEBUG] found drawable-long-land-hdpi splash screen at /Users/anubavam-imac1/Documents/Titanium_Studio_Workspace/customFont/Resources/android/images/res-long-land-hdpi/default.png
[DEBUG] copying /Users/anubavam-imac1/Documents/Titanium_Studio_Workspace/customFont/Resources/android/images/res-long-land-hdpi/default.png splash screen to /Users/anubavam-imac1/Documents/Titanium_Studio_Workspace/customFont/build/android/res/drawable-long-land-hdpi/background.png
[DEBUG] found drawable-long-land-ldpi splash screen at /Users/anubavam-imac1/Documents/Titanium_Studio_Workspace/customFont/Resources/android/images/res-long-land-ldpi/default.png
[DEBUG] copying /Users/anubavam-imac1/Documents/Titanium_Studio_Workspace/customFont/Resources/android/images/res-long-land-ldpi/default.png splash screen to /Users/anubavam-imac1/Documents/Titanium_Studio_Workspace/customFont/build/android/res/drawable-long-land-ldpi/background.png
[DEBUG] found drawable-long-port-hdpi splash screen at /Users/anubavam-imac1/Documents/Titanium_Studio_Workspace/customFont/Resources/android/images/res-long-port-hdpi/default.png
[DEBUG] copying /Users/anubavam-imac1/Documents/Titanium_Studio_Workspace/customFont/Resources/android/images/res-long-port-hdpi/default.png splash screen to /Users/anubavam-imac1/Documents/Titanium_Studio_Workspace/customFont/build/android/res/drawable-long-port-hdpi/background.png
[DEBUG] found drawable-long-port-ldpi splash screen at /Users/anubavam-imac1/Documents/Titanium_Studio_Workspace/customFont/Resources/android/images/res-long-port-ldpi/default.png
[DEBUG] copying /Users/anubavam-imac1/Documents/Titanium_Studio_Workspace/customFont/Resources/android/images/res-long-port-ldpi/default.png splash screen to /Users/anubavam-imac1/Documents/Titanium_Studio_Workspace/customFont/build/android/res/drawable-long-port-ldpi/background.png
[DEBUG] found drawable-notlong-land-hdpi splash screen at /Users/anubavam-imac1/Documents/Titanium_Studio_Workspace/customFont/Resources/android/images/res-notlong-land-hdpi/default.png
[DEBUG] copying /Users/anubavam-imac1/Documents/Titanium_Studio_Workspace/customFont/Resources/android/images/res-notlong-land-hdpi/default.png splash screen to /Users/anubavam-imac1/Documents/Titanium_Studio_Workspace/customFont/build/android/res/drawable-notlong-land-hdpi/background.png
[DEBUG] found drawable-notlong-land-ldpi splash screen at /Users/anubavam-imac1/Documents/Titanium_Studio_Workspace/customFont/Resources/android/images/res-notlong-land-ldpi/default.png
[DEBUG] copying /Users/anubavam-imac1/Documents/Titanium_Studio_Workspace/customFont/Resources/android/images/res-notlong-land-ldpi/default.png splash screen to /Users/anubavam-imac1/Documents/Titanium_Studio_Workspace/customFont/build/android/res/drawable-notlong-land-ldpi/background.png
[DEBUG] found drawable-notlong-land-mdpi splash screen at /Users/anubavam-imac1/Documents/Titanium_Studio_Workspace/customFont/Resources/android/images/res-notlong-land-mdpi/default.png
[DEBUG] copying /Users/anubavam-imac1/Documents/Titanium_Studio_Workspace/customFont/Resources/android/images/res-notlong-land-mdpi/default.png splash screen to /Users/anubavam-imac1/Documents/Titanium_Studio_Workspace/customFont/build/android/res/drawable-notlong-land-mdpi/background.png
[DEBUG] found drawable-notlong-port-hdpi splash screen at /Users/anubavam-imac1/Documents/Titanium_Studio_Workspace/customFont/Resources/android/images/res-notlong-port-hdpi/default.png
[DEBUG] copying /Users/anubavam-imac1/Documents/Titanium_Studio_Workspace/customFont/Resources/android/images/res-notlong-port-hdpi/default.png splash screen to /Users/anubavam-imac1/Documents/Titanium_Studio_Workspace/customFont/build/android/res/drawable-notlong-port-hdpi/background.png
[DEBUG] found drawable-notlong-port-ldpi splash screen at /Users/anubavam-imac1/Documents/Titanium_Studio_Workspace/customFont/Resources/android/images/res-notlong-port-ldpi/default.png
[DEBUG] copying /Users/anubavam-imac1/Documents/Titanium_Studio_Workspace/customFont/Resources/android/images/res-notlong-port-ldpi/default.png splash screen to /Users/anubavam-imac1/Documents/Titanium_Studio_Workspace/customFont/build/android/res/drawable-notlong-port-ldpi/background.png
[DEBUG] found drawable-notlong-port-mdpi splash screen at /Users/anubavam-imac1/Documents/Titanium_Studio_Workspace/customFont/Resources/android/images/res-notlong-port-mdpi/default.png
[DEBUG] copying /Users/anubavam-imac1/Documents/Titanium_Studio_Workspace/customFont/Resources/android/images/res-notlong-port-mdpi/default.png splash screen to /Users/anubavam-imac1/Documents/Titanium_Studio_Workspace/customFont/build/android/res/drawable-notlong-port-mdpi/background.png
[DEBUG] found splash screen at /Users/anubavam-imac1/Documents/Titanium_Studio_Workspace/customFont/build/android/bin/assets/Resources/default.png
[TRACE] Writing out AndroidManifest.xml
[DEBUG] adding /Users/anubavam-imac1/Documents/Titanium_Studio_Workspace/customFont/build/android/gen/com/titutorial/customfont/ApplicationStylesheet.java to javac build list
[DEBUG] adding /Users/anubavam-imac1/Documents/Titanium_Studio_Workspace/customFont/build/android/gen/com/titutorial/customfont/CustomfontActivity.java to javac build list
[DEBUG] adding /Users/anubavam-imac1/Documents/Titanium_Studio_Workspace/customFont/build/android/gen/com/titutorial/customfont/CustomfontAppInfo.java to javac build list
[DEBUG] adding /Users/anubavam-imac1/Documents/Titanium_Studio_Workspace/customFont/build/android/gen/com/titutorial/customfont/CustomfontApplication.java to javac build list
[DEBUG] adding /Users/anubavam-imac1/Documents/Titanium_Studio_Workspace/customFont/build/android/gen/com/titutorial/customfont/R.java to javac build list
[DEBUG] Building Java Sources: "/Users/anubavam-imac1/Documents/Titanium_Studio_Workspace/customFont/build/android/gen/com/titutorial/customfont/ApplicationStylesheet.java" "/Users/anubavam-imac1/Documents/Titanium_Studio_Workspace/customFont/build/android/gen/com/titutorial/customfont/CustomfontActivity.java" "/Users/anubavam-imac1/Documents/Titanium_Studio_Workspace/customFont/build/android/gen/com/titutorial/customfont/CustomfontAppInfo.java" "/Users/anubavam-imac1/Documents/Titanium_Studio_Workspace/customFont/build/android/gen/com/titutorial/customfont/CustomfontApplication.java" "/Users/anubavam-imac1/Documents/Titanium_Studio_Workspace/customFont/build/android/gen/com/titutorial/customfont/R.java"
[INFO] Compiling Android Resources... This could take some time
[DEBUG] Android classes.dex built
[DEBUG] creating unsigned apk: /Users/anubavam-imac1/Documents/Titanium_Studio_Workspace/customFont/build/android/bin/app-unsigned.apk
[DEBUG] from resource zip => assets/Resources/fonts/FuturaStd-Bold.otf
[DEBUG] from resource zip => assets/Resources/fonts/FuturaStd-CondensedLight.otf
[DEBUG] from resource zip => assets/Resources/fonts/FuturaStd-CondensedMedium.TTF
[DEBUG] from resource zip => assets/Resources/fonts/FuturaStd-Medium.otf
[DEBUG] from resource zip => assets/Resources/KS_nav_ui.png
[DEBUG] from resource zip => assets/Resources/KS_nav_views.png
[DEBUG] from resource zip => assets/Resources/app.js
[DEBUG] from resource zip => assets/Resources/appicon.png
[DEBUG] from resource zip => assets/Resources/default.png
[DEBUG] from resource zip => assets/app.json
[DEBUG] from resource zip => assets/index.json
[DEBUG] from resource zip => assets/tiapp.xml
[DEBUG] from resource zip => res/drawable/appicon.png
[DEBUG] from resource zip => res/drawable/background.png
[DEBUG] from resource zip => res/layout/titanium_tabgroup.xml
[DEBUG] from resource zip => AndroidManifest.xml
[DEBUG] from resource zip => resources.arsc
[DEBUG] from resource zip => res/drawable-long-land-hdpi/background.png
[DEBUG] from resource zip => res/drawable-long-land-ldpi/background.png
[DEBUG] from resource zip => res/drawable-long-port-hdpi/background.png
[DEBUG] from resource zip => res/drawable-long-port-ldpi/background.png
[DEBUG] from resource zip => res/drawable-notlong-land-hdpi/background.png
[DEBUG] from resource zip => res/drawable-notlong-land-ldpi/background.png
[DEBUG] from resource zip => res/drawable-notlong-land-mdpi/background.png
[DEBUG] from resource zip => res/drawable-notlong-port-hdpi/background.png
[DEBUG] from resource zip => res/drawable-notlong-port-ldpi/background.png
[DEBUG] from resource zip => res/drawable-notlong-port-mdpi/background.png
[DEBUG] from JAR /Users/anubavam-imac1/Library/Application Support/Titanium/mobilesdk/osx/3.0.0.GA/android/titanium.jar => org/appcelerator/titanium/build.properties
[DEBUG] from JAR /Users/anubavam-imac1/Library/Application Support/Titanium/mobilesdk/osx/3.0.0.GA/android/titanium.jar => org/appcelerator/titanium/res/drawable/background.png
[DEBUG] from JAR /Users/anubavam-imac1/Library/Application Support/Titanium/mobilesdk/osx/3.0.0.GA/android/titanium.jar => org/appcelerator/titanium/res/drawable/btn_check_buttonless_on.png
[DEBUG] from JAR /Users/anubavam-imac1/Library/Application Support/Titanium/mobilesdk/osx/3.0.0.GA/android/titanium.jar => org/appcelerator/titanium/res/drawable/btn_check_buttonless_on_18.png
[DEBUG] from JAR /Users/anubavam-imac1/Library/Application Support/Titanium/mobilesdk/osx/3.0.0.GA/android/titanium.jar => org/appcelerator/titanium/res/drawable/btn_check_buttonless_on_48.png
[DEBUG] from JAR /Users/anubavam-imac1/Library/Application Support/Titanium/mobilesdk/osx/3.0.0.GA/android/titanium.jar => org/appcelerator/titanium/res/drawable/btn_check_buttonless_on_64.png
[DEBUG] from JAR /Users/anubavam-imac1/Library/Application Support/Titanium/mobilesdk/osx/3.0.0.GA/android/titanium.jar => org/appcelerator/titanium/res/drawable/btn_more.png
[DEBUG] from JAR /Users/anubavam-imac1/Library/Application Support/Titanium/mobilesdk/osx/3.0.0.GA/android/titanium.jar => org/appcelerator/titanium/res/drawable/btn_more_18.png
[DEBUG] from JAR /Users/anubavam-imac1/Library/Application Support/Titanium/mobilesdk/osx/3.0.0.GA/android/titanium.jar => org/appcelerator/titanium/res/drawable/btn_more_48.png
[DEBUG] from JAR /Users/anubavam-imac1/Library/Application Support/Titanium/mobilesdk/osx/3.0.0.GA/android/titanium.jar => org/appcelerator/titanium/res/drawable/btn_more_64.png
[DEBUG] from JAR /Users/anubavam-imac1/Library/Application Support/Titanium/mobilesdk/osx/3.0.0.GA/android/titanium.jar => org/appcelerator/titanium/res/drawable/btn_picker_normal.9.png
[DEBUG] from JAR /Users/anubavam-imac1/Library/Application Support/Titanium/mobilesdk/osx/3.0.0.GA/android/titanium.jar => org/appcelerator/titanium/res/drawable/btn_picker_pressed.9.png
[DEBUG] from JAR /Users/anubavam-imac1/Library/Application Support/Titanium/mobilesdk/osx/3.0.0.GA/android/titanium.jar => org/appcelerator/titanium/res/drawable/btn_picker_selected.9.png
[DEBUG] from JAR /Users/anubavam-imac1/Library/Application Support/Titanium/mobilesdk/osx/3.0.0.GA/android/titanium.jar => org/appcelerator/titanium/res/drawable/default_icon.png
[DEBUG] from JAR /Users/anubavam-imac1/Library/Application Support/Titanium/mobilesdk/osx/3.0.0.GA/android/titanium.jar => org/appcelerator/titanium/res/drawable/photoDefault.png
[DEBUG] from JAR /Users/anubavam-imac1/Library/Application Support/Titanium/mobilesdk/osx/3.0.0.GA/android/modules/titanium-ui.jar => ti/modules/titanium/ui/widget/webview/binding.js
[DEBUG] from JAR /Users/anubavam-imac1/Library/Application Support/Titanium/mobilesdk/osx/3.0.0.GA/android/modules/titanium-ui.jar => ti/modules/titanium/ui/widget/webview/binding.min.js
[DEBUG] from JAR /Users/anubavam-imac1/Library/Application Support/Titanium/mobilesdk/osx/3.0.0.GA/android/modules/titanium-ui.jar => ti/modules/titanium/ui/widget/webview/json2.js
[DEBUG] from JAR /Users/anubavam-imac1/Library/Application Support/Titanium/mobilesdk/osx/3.0.0.GA/android/modules/titanium-ui.jar => ti/modules/titanium/ui/widget/webview/polling.js
[DEBUG] from JAR /Users/anubavam-imac1/Library/Application Support/Titanium/mobilesdk/osx/3.0.0.GA/android/modules/titanium-ui.jar => ti/modules/titanium/ui/widget/webview/polling.min.js
[DEBUG] installing native SDK libs
[DEBUG] Waiting for device to be ready ...
[TRACE] adb devices returned 1 devices/emulators
[DEBUG] Device connected... (waited 0 seconds)
[DEBUG] waited 0.017506 seconds on emulator to get ready
[INFO] Installing application on device
[INFO] Application installed. Launch from drawer on Home Screen
